# JRE version: Java(TM) SE Runtime Environment (18.0.1.1+2) (build 18.0.1.1+2-6)
# Java VM: Java HotSpot(TM) 64-Bit Server VM (18.0.1.1+2-6, mixed mode, sharing, tiered, compressed oops, compressed class ptrs, g1 gc, windows-amd64)
GC Precious Log:
 CardTable entry size: 512
 Card Set container configuration: InlinePtr #cards 4 size 8 Array Of Cards #cards 16 size 48 Howl #buckets 8 coarsen threshold 3686 Howl Bitmap #cards 512 size 80 coarsen threshold 460 Card regions per heap region 1 cards per card region 4096
 CPUs: 4 total, 4 available
 Memory: 16302M
 Large Page Support: Disabled
 NUMA Support: Disabled
 Compressed Oops: Enabled (Zero based)
 Heap Region Size: 2M
 Heap Min Capacity: 8M
 Heap Initial Capacity: 256M
 Heap Max Capacity: 4076M
 Pre-touch: Disabled
 Parallel Workers: 4
 Concurrent Workers: 1
 Concurrent Refinement Workers: 4
 Periodic GC: Disabled
Heap:
 garbage-first heap   total 55296K, used 30873K [0x0000000701400000, 0x0000000800000000)
  region size 2048K, 9 young (18432K), 0 survivors (0K)
 Metaspace       used 33496K, committed 34048K, reserved 1114112K
  class space    used 3997K, committed 4224K, reserved 1048576K
GC Heap History (18 events):
Event: 0.550 GC heap before
{Heap before GC invocations=0 (full 0):
 garbage-first heap   total 262144K, used 12288K [0x0000000701400000, 0x0000000800000000)
  region size 2048K, 6 young (12288K), 0 survivors (0K)
 Metaspace       used 3579K, committed 3712K, reserved 1114112K
  class space    used 300K, committed 384K, reserved 1048576K
}
Event: 0.553 GC heap after
{Heap after GC invocations=1 (full 0):
 garbage-first heap   total 262144K, used 3845K [0x0000000701400000, 0x0000000800000000)
  region size 2048K, 1 young (2048K), 1 survivors (2048K)
 Metaspace       used 3579K, committed 3712K, reserved 1114112K
  class space    used 300K, committed 384K, reserved 1048576K
}
Event: 0.748 GC heap before
{Heap before GC invocations=1 (full 0):
 garbage-first heap   total 262144K, used 14085K [0x0000000701400000, 0x0000000800000000)
  region size 2048K, 6 young (12288K), 1 survivors (2048K)
 Metaspace       used 5348K, committed 5504K, reserved 1114112K
  class space    used 503K, committed 576K, reserved 1048576K
}
Event: 0.751 GC heap after
{Heap after GC invocations=2 (full 0):
 garbage-first heap   total 262144K, used 4794K [0x0000000701400000, 0x0000000800000000)
  region size 2048K, 1 young (2048K), 1 survivors (2048K)
 Metaspace       used 5348K, committed 5504K, reserved 1114112K
  class space    used 503K, committed 576K, reserved 1048576K
}
Event: 1.177 GC heap before
{Heap before GC invocations=2 (full 0):
 garbage-first heap   total 262144K, used 33466K [0x0000000701400000, 0x0000000800000000)
  region size 2048K, 15 young (30720K), 1 survivors (2048K)
 Metaspace       used 8820K, committed 9024K, reserved 1114112K
  class space    used 942K, committed 1088K, reserved 1048576K
}
Event: 1.180 GC heap after
{Heap after GC invocations=3 (full 0):
 garbage-first heap   total 262144K, used 5601K [0x0000000701400000, 0x0000000800000000)
  region size 2048K, 1 young (2048K), 1 survivors (2048K)
 Metaspace       used 8820K, committed 9024K, reserved 1114112K
  class space    used 942K, committed 1088K, reserved 1048576K
}
Event: 2.918 GC heap before
{Heap before GC invocations=3 (full 0):
 garbage-first heap   total 262144K, used 138721K [0x0000000701400000, 0x0000000800000000)
  region size 2048K, 68 young (139264K), 1 survivors (2048K)
 Metaspace       used 21164K, committed 21504K, reserved 1114112K
  class space    used 2453K, committed 2624K, reserved 1048576K
}
Event: 2.924 GC heap after
{Heap after GC invocations=4 (full 0):
 garbage-first heap   total 262144K, used 9269K [0x0000000701400000, 0x0000000800000000)
  region size 2048K, 3 young (6144K), 3 survivors (6144K)
 Metaspace       used 21164K, committed 21504K, reserved 1114112K
  class space    used 2453K, committed 2624K, reserved 1048576K
}
Event: 3.499 GC heap before
{Heap before GC invocations=5 (full 0):
 garbage-first heap   total 40960K, used 39989K [0x0000000701400000, 0x0000000800000000)
  region size 2048K, 18 young (36864K), 3 survivors (6144K)
 Metaspace       used 24537K, committed 24960K, reserved 1114112K
  class space    used 2903K, committed 3136K, reserved 1048576K
}
Event: 3.506 GC heap after
{Heap after GC invocations=6 (full 0):
 garbage-first heap   total 49152K, used 11185K [0x0000000701400000, 0x0000000800000000)
  region size 2048K, 4 young (8192K), 4 survivors (8192K)
 Metaspace       used 24537K, committed 24960K, reserved 1114112K
  class space    used 2903K, committed 3136K, reserved 1048576K
}
Event: 3.846 GC heap before
{Heap before GC invocations=6 (full 0):
 garbage-first heap   total 49152K, used 31665K [0x0000000701400000, 0x0000000800000000)
  region size 2048K, 14 young (28672K), 4 survivors (8192K)
 Metaspace       used 26593K, committed 27072K, reserved 1114112K
  class space    used 3156K, committed 3392K, reserved 1048576K
}
Event: 3.857 GC heap after
{Heap after GC invocations=7 (full 0):
 garbage-first heap   total 49152K, used 12907K [0x0000000701400000, 0x0000000800000000)
  region size 2048K, 2 young (4096K), 2 survivors (4096K)
 Metaspace       used 26593K, committed 27072K, reserved 1114112K
  class space    used 3156K, committed 3392K, reserved 1048576K
}
Event: 4.142 GC heap before
{Heap before GC invocations=7 (full 0):
 garbage-first heap   total 49152K, used 33387K [0x0000000701400000, 0x0000000800000000)
  region size 2048K, 12 young (24576K), 2 survivors (4096K)
 Metaspace       used 28373K, committed 28928K, reserved 1114112K
  class space    used 3384K, committed 3648K, reserved 1048576K
}
Event: 4.146 GC heap after
{Heap after GC invocations=8 (full 0):
 garbage-first heap   total 49152K, used 14071K [0x0000000701400000, 0x0000000800000000)
  region size 2048K, 2 young (4096K), 2 survivors (4096K)
 Metaspace       used 28373K, committed 28928K, reserved 1114112K
  class space    used 3384K, committed 3648K, reserved 1048576K
}
Event: 10.831 GC heap before
{Heap before GC invocations=8 (full 0):
 garbage-first heap   total 49152K, used 32503K [0x0000000701400000, 0x0000000800000000)
  region size 2048K, 12 young (24576K), 2 survivors (4096K)
 Metaspace       used 30571K, committed 31104K, reserved 1114112K
  class space    used 3656K, committed 3904K, reserved 1048576K
}
Event: 10.836 GC heap after
{Heap after GC invocations=9 (full 0):
 garbage-first heap   total 155648K, used 14998K [0x0000000701400000, 0x0000000800000000)
  region size 2048K, 2 young (4096K), 2 survivors (4096K)
 Metaspace       used 30571K, committed 31104K, reserved 1114112K
  class space    used 3656K, committed 3904K, reserved 1048576K
}
Event: 3205.477 GC heap before
{Heap before GC invocations=9 (full 0):
 garbage-first heap   total 155648K, used 76438K [0x0000000701400000, 0x0000000800000000)
  region size 2048K, 33 young (67584K), 2 survivors (4096K)
 Metaspace       used 33237K, committed 33728K, reserved 1114112K
  class space    used 3990K, committed 4224K, reserved 1048576K
}
Event: 3205.504 GC heap after
{Heap after GC invocations=10 (full 1):
 garbage-first heap   total 55296K, used 14489K [0x0000000701400000, 0x0000000800000000)
  region size 2048K, 0 young (0K), 0 survivors (0K)
 Metaspace       used 33237K, committed 33728K, reserved 1114112K
  class space    used 3990K, committed 4224K, reserved 1048576K
}

